2025-04-23 20:12:44 - HV000001: Hibernate Validator 8.0.2.Final
2025-04-23 20:12:44 - Starting CountryApplication using Java 17.0.11 with PID 42376 (C:\Users\vihan\OneDrive\Desktop\Projects\Y3S2\AF\af-2-VihangaU\backend\target\classes started by Vihanga in C:\Users\vihan\OneDrive\Desktop\Projects\Y3S2\AF\af-2-VihangaU\backend)
2025-04-23 20:12:44 - No active profile set, falling back to 1 default profile: "default"
2025-04-23 20:12:45 - Devtools property defaults active! Set 'spring.devtools.add-properties' to 'false' to disable
2025-04-23 20:12:45 - For additional web related logging consider setting the 'logging.level.web' property to 'DEBUG'
2025-04-23 20:12:47 - Bootstrapping Spring Data MongoDB repositories in DEFAULT mode.
2025-04-23 20:12:47 - Finished Spring Data repository scanning in 220 ms. Found 1 MongoDB repository interface.
2025-04-23 20:12:49 - Tomcat initialized with port 8091 (http)
2025-04-23 20:12:49 - Initializing ProtocolHandler ["http-nio-8091"]
2025-04-23 20:12:49 - Starting service [Tomcat]
2025-04-23 20:12:49 - Starting Servlet engine: [Apache Tomcat/10.1.36]
2025-04-23 20:12:49 - Initializing Spring embedded WebApplicationContext
2025-04-23 20:12:49 - Root WebApplicationContext: initialization completed in 4862 ms
2025-04-23 20:12:50 - MongoClient with metadata {"driver": {"name": "mongo-java-driver|sync|spring-boot", "version": "5.2.1"}, "os": {"type": "Windows", "name": "Windows 11", "architecture": "amd64", "version": "10.0"}, "platform": "Java/Oracle Corporation/17.0.11+7-LTS-207"} created with settings MongoClientSettings{readPreference=primary, writeConcern=WriteConcern{w=null, wTimeout=null ms, journal=null}, retryWrites=true, retryReads=true, readConcern=ReadConcern{level=null}, credential=null, transportSettings=null, commandListeners=[], codecRegistry=ProvidersCodecRegistry{codecProviders=[ValueCodecProvider{}, BsonValueCodecProvider{}, DBRefCodecProvider{}, DBObjectCodecProvider{}, DocumentCodecProvider{}, CollectionCodecProvider{}, IterableCodecProvider{}, MapCodecProvider{}, GeoJsonCodecProvider{}, GridFSFileCodecProvider{}, Jsr310CodecProvider{}, JsonObjectCodecProvider{}, BsonCodecProvider{}, EnumCodecProvider{}, com.mongodb.client.model.mql.ExpressionCodecProvider@1a487052, com.mongodb.Jep395RecordCodecProvider@564bac1d, com.mongodb.KotlinCodecProvider@695dd7f4]}, loggerSettings=LoggerSettings{maxDocumentLength=1000}, clusterSettings={hosts=[localhost:27017], srvServiceName=mongodb, mode=SINGLE, requiredClusterType=UNKNOWN, requiredReplicaSetName='null', serverSelector='null', clusterListeners='[]', serverSelectionTimeout='30000 ms', localThreshold='15 ms'}, socketSettings=SocketSettings{connectTimeoutMS=10000, readTimeoutMS=0, receiveBufferSize=0, proxySettings=ProxySettings{host=null, port=null, username=null, password=null}}, heartbeatSocketSettings=SocketSettings{connectTimeoutMS=10000, readTimeoutMS=10000, receiveBufferSize=0, proxySettings=ProxySettings{host=null, port=null, username=null, password=null}}, connectionPoolSettings=ConnectionPoolSettings{maxSize=100, minSize=0, maxWaitTimeMS=120000, maxConnectionLifeTimeMS=0, maxConnectionIdleTimeMS=0, maintenanceInitialDelayMS=0, maintenanceFrequencyMS=60000, connectionPoolListeners=[], maxConnecting=2}, serverSettings=ServerSettings{heartbeatFrequencyMS=10000, minHeartbeatFrequencyMS=500, serverMonitoringMode=AUTO, serverListeners='[]', serverMonitorListeners='[]'}, sslSettings=SslSettings{enabled=false, invalidHostNameAllowed=false, context=null}, applicationName='null', compressorList=[], uuidRepresentation=JAVA_LEGACY, serverApi=null, autoEncryptionSettings=null, dnsClient=null, inetAddressResolver=null, contextProvider=null, timeoutMS=null}
2025-04-23 20:12:50 - Monitor thread successfully connected to server with description ServerDescription{address=localhost:27017, type=STANDALONE, cryptd=false, state=CONNECTED, ok=true, minWireVersion=0, maxWireVersion=25, maxDocumentSize=16777216, logicalSessionTimeoutMinutes=30, roundTripTimeNanos=78000300, minRoundTripTimeNanos=0}
2025-04-23 20:12:53 - LiveReload server is running on port 35729
2025-04-23 20:12:53 - Global AuthenticationManager configured with AuthenticationProvider bean with name authenticationProvider
2025-04-23 20:12:53 - Global AuthenticationManager configured with an AuthenticationProvider bean. UserDetailsService beans will not be used by Spring Security for automatically configuring username/password login. Consider removing the AuthenticationProvider bean. Alternatively, consider using the UserDetailsService in a manually instantiated DaoAuthenticationProvider. If the current configuration is intentional, to turn off this warning, increase the logging level of 'org.springframework.security.config.annotation.authentication.configuration.InitializeUserDetailsBeanManagerConfigurer' to ERROR
2025-04-23 20:12:56 - Will secure any request with filters: DisableEncodeUrlFilter, WebAsyncManagerIntegrationFilter, SecurityContextHolderFilter, HeaderWriterFilter, CorsFilter, LogoutFilter, AuthTokenFilter, RequestCacheAwareFilter, SecurityContextHolderAwareRequestFilter, AnonymousAuthenticationFilter, SessionManagementFilter, ExceptionTranslationFilter, AuthorizationFilter
2025-04-23 20:12:57 - Starting ProtocolHandler ["http-nio-8091"]
2025-04-23 20:12:57 - Tomcat started on port 8091 (http) with context path '/'
2025-04-23 20:12:57 - Started CountryApplication in 13.995 seconds (process running for 15.426)
2025-04-23 20:19:03 - Initializing Spring DispatcherServlet 'dispatcherServlet'
2025-04-23 20:19:03 - Initializing Servlet 'dispatcherServlet'
2025-04-23 20:19:03 - Completed initialization in 1 ms
2025-04-23 20:19:03 - Securing OPTIONS /api/auth/signin
2025-04-23 20:19:03 - Securing POST /api/auth/signin
2025-04-23 20:19:03 - Authorization Header: null
2025-04-23 20:19:03 - Extracted JWT from request: null
2025-04-23 20:19:03 - Set SecurityContextHolder to anonymous SecurityContext
2025-04-23 20:19:03 - Secured POST /api/auth/signin
2025-04-23 20:19:03 - Authenticated user
2025-04-23 20:19:07 - Securing OPTIONS /api/get/680723b0bb47220379e11c44/favorites
2025-04-23 20:19:07 - Securing OPTIONS /api/get/680723b0bb47220379e11c44/favorites
2025-04-23 20:19:07 - Securing GET /api/get/680723b0bb47220379e11c44/favorites
2025-04-23 20:19:07 - Authorization Header: Bearer eyJhbGciOiJIUzUxMiJ9.eyJzdWIiOiJEYW1pdGhhIiwiaWF0IjoxNzQ1NDE5NzQzLCJleHAiOjE3NDU1MDYxNDN9.Aix3jrgXhoCx2uDKohJbdFvs-9I9bHGMCIj1zSuaZxMojfi4e9KsFwhcu5UnFfl5KSs5CsS7rOIKxVbPMmpdUA
2025-04-23 20:19:07 - Extracted JWT from request: eyJhbGciOiJIUzUxMiJ9.eyJzdWIiOiJEYW1pdGhhIiwiaWF0IjoxNzQ1NDE5NzQzLCJleHAiOjE3NDU1MDYxNDN9.Aix3jrgXhoCx2uDKohJbdFvs-9I9bHGMCIj1zSuaZxMojfi4e9KsFwhcu5UnFfl5KSs5CsS7rOIKxVbPMmpdUA
2025-04-23 20:19:07 - Validating JWT token: eyJhbGciOiJIUzUxMiJ9.eyJzdWIiOiJEYW1pdGhhIiwiaWF0IjoxNzQ1NDE5NzQzLCJleHAiOjE3NDU1MDYxNDN9.Aix3jrgXhoCx2uDKohJbdFvs-9I9bHGMCIj1zSuaZxMojfi4e9KsFwhcu5UnFfl5KSs5CsS7rOIKxVbPMmpdUA
2025-04-23 20:19:07 - JWT Token is valid
2025-04-23 20:19:07 - Extracted username from JWT: Damitha
2025-04-23 20:19:07 - User authenticated successfully: Damitha
2025-04-23 20:19:07 - SecurityContext authentication: UsernamePasswordAuthenticationToken [Principal=country.app.security.services.UserDetailsImpl@3231a770, Credentials=[PROTECTED], Authenticated=true, Details=WebAuthenticationDetails [RemoteIpAddress=0:0:0:0:0:0:0:1, SessionId=null], Granted Authorities=[]]
2025-04-23 20:19:07 - Secured GET /api/get/680723b0bb47220379e11c44/favorites
2025-04-23 20:19:07 - Securing GET /api/get/680723b0bb47220379e11c44/favorites
2025-04-23 20:19:07 - Authorization Header: Bearer eyJhbGciOiJIUzUxMiJ9.eyJzdWIiOiJEYW1pdGhhIiwiaWF0IjoxNzQ1NDE5NzQzLCJleHAiOjE3NDU1MDYxNDN9.Aix3jrgXhoCx2uDKohJbdFvs-9I9bHGMCIj1zSuaZxMojfi4e9KsFwhcu5UnFfl5KSs5CsS7rOIKxVbPMmpdUA
2025-04-23 20:19:07 - Extracted JWT from request: eyJhbGciOiJIUzUxMiJ9.eyJzdWIiOiJEYW1pdGhhIiwiaWF0IjoxNzQ1NDE5NzQzLCJleHAiOjE3NDU1MDYxNDN9.Aix3jrgXhoCx2uDKohJbdFvs-9I9bHGMCIj1zSuaZxMojfi4e9KsFwhcu5UnFfl5KSs5CsS7rOIKxVbPMmpdUA
2025-04-23 20:19:07 - Validating JWT token: eyJhbGciOiJIUzUxMiJ9.eyJzdWIiOiJEYW1pdGhhIiwiaWF0IjoxNzQ1NDE5NzQzLCJleHAiOjE3NDU1MDYxNDN9.Aix3jrgXhoCx2uDKohJbdFvs-9I9bHGMCIj1zSuaZxMojfi4e9KsFwhcu5UnFfl5KSs5CsS7rOIKxVbPMmpdUA
2025-04-23 20:19:07 - JWT Token is valid
2025-04-23 20:19:07 - Extracted username from JWT: Damitha
2025-04-23 20:19:07 - User authenticated successfully: Damitha
2025-04-23 20:19:07 - SecurityContext authentication: UsernamePasswordAuthenticationToken [Principal=country.app.security.services.UserDetailsImpl@573cbc44, Credentials=[PROTECTED], Authenticated=true, Details=WebAuthenticationDetails [RemoteIpAddress=0:0:0:0:0:0:0:1, SessionId=null], Granted Authorities=[]]
2025-04-23 20:19:07 - Secured GET /api/get/680723b0bb47220379e11c44/favorites
2025-04-23 20:19:09 - Securing GET /api/get/680723b0bb47220379e11c44/favorites
2025-04-23 20:19:09 - Authorization Header: Bearer eyJhbGciOiJIUzUxMiJ9.eyJzdWIiOiJEYW1pdGhhIiwiaWF0IjoxNzQ1NDE5NzQzLCJleHAiOjE3NDU1MDYxNDN9.Aix3jrgXhoCx2uDKohJbdFvs-9I9bHGMCIj1zSuaZxMojfi4e9KsFwhcu5UnFfl5KSs5CsS7rOIKxVbPMmpdUA
2025-04-23 20:19:09 - Extracted JWT from request: eyJhbGciOiJIUzUxMiJ9.eyJzdWIiOiJEYW1pdGhhIiwiaWF0IjoxNzQ1NDE5NzQzLCJleHAiOjE3NDU1MDYxNDN9.Aix3jrgXhoCx2uDKohJbdFvs-9I9bHGMCIj1zSuaZxMojfi4e9KsFwhcu5UnFfl5KSs5CsS7rOIKxVbPMmpdUA
2025-04-23 20:19:09 - Validating JWT token: eyJhbGciOiJIUzUxMiJ9.eyJzdWIiOiJEYW1pdGhhIiwiaWF0IjoxNzQ1NDE5NzQzLCJleHAiOjE3NDU1MDYxNDN9.Aix3jrgXhoCx2uDKohJbdFvs-9I9bHGMCIj1zSuaZxMojfi4e9KsFwhcu5UnFfl5KSs5CsS7rOIKxVbPMmpdUA
2025-04-23 20:19:09 - JWT Token is valid
2025-04-23 20:19:09 - Extracted username from JWT: Damitha
2025-04-23 20:19:09 - User authenticated successfully: Damitha
2025-04-23 20:19:09 - SecurityContext authentication: UsernamePasswordAuthenticationToken [Principal=country.app.security.services.UserDetailsImpl@73e50ebd, Credentials=[PROTECTED], Authenticated=true, Details=WebAuthenticationDetails [RemoteIpAddress=0:0:0:0:0:0:0:1, SessionId=null], Granted Authorities=[]]
2025-04-23 20:19:09 - Secured GET /api/get/680723b0bb47220379e11c44/favorites
2025-04-23 20:19:09 - Securing GET /api/get/680723b0bb47220379e11c44/favorites
2025-04-23 20:19:09 - Authorization Header: Bearer eyJhbGciOiJIUzUxMiJ9.eyJzdWIiOiJEYW1pdGhhIiwiaWF0IjoxNzQ1NDE5NzQzLCJleHAiOjE3NDU1MDYxNDN9.Aix3jrgXhoCx2uDKohJbdFvs-9I9bHGMCIj1zSuaZxMojfi4e9KsFwhcu5UnFfl5KSs5CsS7rOIKxVbPMmpdUA
2025-04-23 20:19:09 - Extracted JWT from request: eyJhbGciOiJIUzUxMiJ9.eyJzdWIiOiJEYW1pdGhhIiwiaWF0IjoxNzQ1NDE5NzQzLCJleHAiOjE3NDU1MDYxNDN9.Aix3jrgXhoCx2uDKohJbdFvs-9I9bHGMCIj1zSuaZxMojfi4e9KsFwhcu5UnFfl5KSs5CsS7rOIKxVbPMmpdUA
2025-04-23 20:19:09 - Validating JWT token: eyJhbGciOiJIUzUxMiJ9.eyJzdWIiOiJEYW1pdGhhIiwiaWF0IjoxNzQ1NDE5NzQzLCJleHAiOjE3NDU1MDYxNDN9.Aix3jrgXhoCx2uDKohJbdFvs-9I9bHGMCIj1zSuaZxMojfi4e9KsFwhcu5UnFfl5KSs5CsS7rOIKxVbPMmpdUA
2025-04-23 20:19:09 - JWT Token is valid
2025-04-23 20:19:09 - Extracted username from JWT: Damitha
2025-04-23 20:19:09 - User authenticated successfully: Damitha
2025-04-23 20:19:09 - SecurityContext authentication: UsernamePasswordAuthenticationToken [Principal=country.app.security.services.UserDetailsImpl@2f468713, Credentials=[PROTECTED], Authenticated=true, Details=WebAuthenticationDetails [RemoteIpAddress=0:0:0:0:0:0:0:1, SessionId=null], Granted Authorities=[]]
2025-04-23 20:19:09 - Secured GET /api/get/680723b0bb47220379e11c44/favorites
2025-04-23 20:28:45 - Commencing graceful shutdown. Waiting for active requests to complete
2025-04-23 20:28:45 - Graceful shutdown complete
2025-04-23 20:28:50 - HV000001: Hibernate Validator 8.0.2.Final
2025-04-23 20:28:50 - Starting CountryApplication using Java 17.0.11 with PID 6888 (C:\Users\vihan\OneDrive\Desktop\Projects\Y3S2\AF\af-2-VihangaU\backend\target\classes started by Vihanga in C:\Users\vihan\OneDrive\Desktop\Projects\Y3S2\AF\af-2-VihangaU\backend)
2025-04-23 20:28:50 - No active profile set, falling back to 1 default profile: "default"
2025-04-23 20:28:50 - Devtools property defaults active! Set 'spring.devtools.add-properties' to 'false' to disable
2025-04-23 20:28:50 - For additional web related logging consider setting the 'logging.level.web' property to 'DEBUG'
2025-04-23 20:28:51 - Bootstrapping Spring Data MongoDB repositories in DEFAULT mode.
2025-04-23 20:28:51 - Finished Spring Data repository scanning in 145 ms. Found 1 MongoDB repository interface.
2025-04-23 20:28:52 - Tomcat initialized with port 8091 (http)
2025-04-23 20:28:52 - Initializing ProtocolHandler ["http-nio-8091"]
2025-04-23 20:28:52 - Starting service [Tomcat]
2025-04-23 20:28:52 - Starting Servlet engine: [Apache Tomcat/10.1.36]
2025-04-23 20:28:53 - Initializing Spring embedded WebApplicationContext
2025-04-23 20:28:53 - Root WebApplicationContext: initialization completed in 2692 ms
2025-04-23 20:28:53 - MongoClient with metadata {"driver": {"name": "mongo-java-driver|sync|spring-boot", "version": "5.2.1"}, "os": {"type": "Windows", "name": "Windows 11", "architecture": "amd64", "version": "10.0"}, "platform": "Java/Oracle Corporation/17.0.11+7-LTS-207"} created with settings MongoClientSettings{readPreference=primary, writeConcern=WriteConcern{w=null, wTimeout=null ms, journal=null}, retryWrites=true, retryReads=true, readConcern=ReadConcern{level=null}, credential=null, transportSettings=null, commandListeners=[], codecRegistry=ProvidersCodecRegistry{codecProviders=[ValueCodecProvider{}, BsonValueCodecProvider{}, DBRefCodecProvider{}, DBObjectCodecProvider{}, DocumentCodecProvider{}, CollectionCodecProvider{}, IterableCodecProvider{}, MapCodecProvider{}, GeoJsonCodecProvider{}, GridFSFileCodecProvider{}, Jsr310CodecProvider{}, JsonObjectCodecProvider{}, BsonCodecProvider{}, EnumCodecProvider{}, com.mongodb.client.model.mql.ExpressionCodecProvider@3885f80d, com.mongodb.Jep395RecordCodecProvider@73eaa53c, com.mongodb.KotlinCodecProvider@170b2b30]}, loggerSettings=LoggerSettings{maxDocumentLength=1000}, clusterSettings={hosts=[localhost:27017], srvServiceName=mongodb, mode=SINGLE, requiredClusterType=UNKNOWN, requiredReplicaSetName='null', serverSelector='null', clusterListeners='[]', serverSelectionTimeout='30000 ms', localThreshold='15 ms'}, socketSettings=SocketSettings{connectTimeoutMS=10000, readTimeoutMS=0, receiveBufferSize=0, proxySettings=ProxySettings{host=null, port=null, username=null, password=null}}, heartbeatSocketSettings=SocketSettings{connectTimeoutMS=10000, readTimeoutMS=10000, receiveBufferSize=0, proxySettings=ProxySettings{host=null, port=null, username=null, password=null}}, connectionPoolSettings=ConnectionPoolSettings{maxSize=100, minSize=0, maxWaitTimeMS=120000, maxConnectionLifeTimeMS=0, maxConnectionIdleTimeMS=0, maintenanceInitialDelayMS=0, maintenanceFrequencyMS=60000, connectionPoolListeners=[], maxConnecting=2}, serverSettings=ServerSettings{heartbeatFrequencyMS=10000, minHeartbeatFrequencyMS=500, serverMonitoringMode=AUTO, serverListeners='[]', serverMonitorListeners='[]'}, sslSettings=SslSettings{enabled=false, invalidHostNameAllowed=false, context=null}, applicationName='null', compressorList=[], uuidRepresentation=JAVA_LEGACY, serverApi=null, autoEncryptionSettings=null, dnsClient=null, inetAddressResolver=null, contextProvider=null, timeoutMS=null}
2025-04-23 20:28:53 - Monitor thread successfully connected to server with description ServerDescription{address=localhost:27017, type=STANDALONE, cryptd=false, state=CONNECTED, ok=true, minWireVersion=0, maxWireVersion=25, maxDocumentSize=16777216, logicalSessionTimeoutMinutes=30, roundTripTimeNanos=48532000, minRoundTripTimeNanos=0}
2025-04-23 20:28:54 - LiveReload server is running on port 35729
2025-04-23 20:28:54 - Global AuthenticationManager configured with AuthenticationProvider bean with name authenticationProvider
2025-04-23 20:28:54 - Global AuthenticationManager configured with an AuthenticationProvider bean. UserDetailsService beans will not be used by Spring Security for automatically configuring username/password login. Consider removing the AuthenticationProvider bean. Alternatively, consider using the UserDetailsService in a manually instantiated DaoAuthenticationProvider. If the current configuration is intentional, to turn off this warning, increase the logging level of 'org.springframework.security.config.annotation.authentication.configuration.InitializeUserDetailsBeanManagerConfigurer' to ERROR
2025-04-23 20:28:55 - Will secure any request with filters: DisableEncodeUrlFilter, WebAsyncManagerIntegrationFilter, SecurityContextHolderFilter, HeaderWriterFilter, CorsFilter, LogoutFilter, AuthTokenFilter, RequestCacheAwareFilter, SecurityContextHolderAwareRequestFilter, AnonymousAuthenticationFilter, SessionManagementFilter, ExceptionTranslationFilter, AuthorizationFilter
2025-04-23 20:28:56 - Starting ProtocolHandler ["http-nio-8091"]
2025-04-23 20:28:56 - Tomcat started on port 8091 (http) with context path '/'
2025-04-23 20:28:56 - Started CountryApplication in 6.703 seconds (process running for 7.648)
2025-04-23 23:34:00 - Initializing Spring DispatcherServlet 'dispatcherServlet'
2025-04-23 23:34:00 - Initializing Servlet 'dispatcherServlet'
2025-04-23 23:34:00 - Completed initialization in 16 ms
2025-04-23 23:34:00 - Securing OPTIONS /api/auth/signup
2025-04-23 23:34:00 - Securing POST /api/auth/signup
2025-04-23 23:34:00 - Authorization Header: null
2025-04-23 23:34:00 - Extracted JWT from request: null
2025-04-23 23:34:00 - Set SecurityContextHolder to anonymous SecurityContext
2025-04-23 23:34:00 - Secured POST /api/auth/signup
2025-04-23 23:37:35 - Securing OPTIONS /api/auth/signin
2025-04-23 23:37:35 - Securing POST /api/auth/signin
2025-04-23 23:37:35 - Authorization Header: null
2025-04-23 23:37:35 - Extracted JWT from request: null
2025-04-23 23:37:35 - Set SecurityContextHolder to anonymous SecurityContext
2025-04-23 23:37:35 - Secured POST /api/auth/signin
2025-04-23 23:37:36 - Authenticated user
2025-04-23 23:37:41 - Securing OPTIONS /api/get/680723b0bb47220379e11c44/favorites
2025-04-23 23:37:41 - Securing OPTIONS /api/get/680723b0bb47220379e11c44/favorites
2025-04-23 23:37:41 - Securing GET /api/get/680723b0bb47220379e11c44/favorites
2025-04-23 23:37:41 - Authorization Header: Bearer eyJhbGciOiJIUzUxMiJ9.eyJzdWIiOiJEYW1pdGhhIiwiaWF0IjoxNzQ1NDMxNjU2LCJleHAiOjE3NDU1MTgwNTZ9.zn3z9R6_m0VVvb8SZPIXua9HFLAOqHuWmVbhKVqexOP1GYo-BipURhawjV0Js4aR02rcjGjyJwDTMQS-G5LKqg
2025-04-23 23:37:41 - Extracted JWT from request: eyJhbGciOiJIUzUxMiJ9.eyJzdWIiOiJEYW1pdGhhIiwiaWF0IjoxNzQ1NDMxNjU2LCJleHAiOjE3NDU1MTgwNTZ9.zn3z9R6_m0VVvb8SZPIXua9HFLAOqHuWmVbhKVqexOP1GYo-BipURhawjV0Js4aR02rcjGjyJwDTMQS-G5LKqg
2025-04-23 23:37:41 - Validating JWT token: eyJhbGciOiJIUzUxMiJ9.eyJzdWIiOiJEYW1pdGhhIiwiaWF0IjoxNzQ1NDMxNjU2LCJleHAiOjE3NDU1MTgwNTZ9.zn3z9R6_m0VVvb8SZPIXua9HFLAOqHuWmVbhKVqexOP1GYo-BipURhawjV0Js4aR02rcjGjyJwDTMQS-G5LKqg
2025-04-23 23:37:41 - JWT Token is valid
2025-04-23 23:37:41 - Extracted username from JWT: Damitha
2025-04-23 23:37:41 - User authenticated successfully: Damitha
2025-04-23 23:37:41 - SecurityContext authentication: UsernamePasswordAuthenticationToken [Principal=country.app.security.services.UserDetailsImpl@696adf8a, Credentials=[PROTECTED], Authenticated=true, Details=WebAuthenticationDetails [RemoteIpAddress=0:0:0:0:0:0:0:1, SessionId=null], Granted Authorities=[]]
2025-04-23 23:37:41 - Secured GET /api/get/680723b0bb47220379e11c44/favorites
2025-04-23 23:37:41 - Securing GET /api/get/680723b0bb47220379e11c44/favorites
2025-04-23 23:37:41 - Authorization Header: Bearer eyJhbGciOiJIUzUxMiJ9.eyJzdWIiOiJEYW1pdGhhIiwiaWF0IjoxNzQ1NDMxNjU2LCJleHAiOjE3NDU1MTgwNTZ9.zn3z9R6_m0VVvb8SZPIXua9HFLAOqHuWmVbhKVqexOP1GYo-BipURhawjV0Js4aR02rcjGjyJwDTMQS-G5LKqg
2025-04-23 23:37:41 - Extracted JWT from request: eyJhbGciOiJIUzUxMiJ9.eyJzdWIiOiJEYW1pdGhhIiwiaWF0IjoxNzQ1NDMxNjU2LCJleHAiOjE3NDU1MTgwNTZ9.zn3z9R6_m0VVvb8SZPIXua9HFLAOqHuWmVbhKVqexOP1GYo-BipURhawjV0Js4aR02rcjGjyJwDTMQS-G5LKqg
2025-04-23 23:37:41 - Validating JWT token: eyJhbGciOiJIUzUxMiJ9.eyJzdWIiOiJEYW1pdGhhIiwiaWF0IjoxNzQ1NDMxNjU2LCJleHAiOjE3NDU1MTgwNTZ9.zn3z9R6_m0VVvb8SZPIXua9HFLAOqHuWmVbhKVqexOP1GYo-BipURhawjV0Js4aR02rcjGjyJwDTMQS-G5LKqg
2025-04-23 23:37:41 - JWT Token is valid
2025-04-23 23:37:41 - Extracted username from JWT: Damitha
2025-04-23 23:37:41 - User authenticated successfully: Damitha
2025-04-23 23:37:41 - SecurityContext authentication: UsernamePasswordAuthenticationToken [Principal=country.app.security.services.UserDetailsImpl@58ed2d2f, Credentials=[PROTECTED], Authenticated=true, Details=WebAuthenticationDetails [RemoteIpAddress=0:0:0:0:0:0:0:1, SessionId=null], Granted Authorities=[]]
2025-04-23 23:37:41 - Secured GET /api/get/680723b0bb47220379e11c44/favorites
2025-04-23 23:38:06 - Securing OPTIONS /api/put/680723b0bb47220379e11c44/favorites
2025-04-23 23:38:06 - Securing PUT /api/put/680723b0bb47220379e11c44/favorites
2025-04-23 23:38:06 - Authorization Header: Bearer eyJhbGciOiJIUzUxMiJ9.eyJzdWIiOiJEYW1pdGhhIiwiaWF0IjoxNzQ1NDMxNjU2LCJleHAiOjE3NDU1MTgwNTZ9.zn3z9R6_m0VVvb8SZPIXua9HFLAOqHuWmVbhKVqexOP1GYo-BipURhawjV0Js4aR02rcjGjyJwDTMQS-G5LKqg
2025-04-23 23:38:06 - Extracted JWT from request: eyJhbGciOiJIUzUxMiJ9.eyJzdWIiOiJEYW1pdGhhIiwiaWF0IjoxNzQ1NDMxNjU2LCJleHAiOjE3NDU1MTgwNTZ9.zn3z9R6_m0VVvb8SZPIXua9HFLAOqHuWmVbhKVqexOP1GYo-BipURhawjV0Js4aR02rcjGjyJwDTMQS-G5LKqg
2025-04-23 23:38:06 - Validating JWT token: eyJhbGciOiJIUzUxMiJ9.eyJzdWIiOiJEYW1pdGhhIiwiaWF0IjoxNzQ1NDMxNjU2LCJleHAiOjE3NDU1MTgwNTZ9.zn3z9R6_m0VVvb8SZPIXua9HFLAOqHuWmVbhKVqexOP1GYo-BipURhawjV0Js4aR02rcjGjyJwDTMQS-G5LKqg
2025-04-23 23:38:06 - JWT Token is valid
2025-04-23 23:38:06 - Extracted username from JWT: Damitha
2025-04-23 23:38:06 - User authenticated successfully: Damitha
2025-04-23 23:38:06 - SecurityContext authentication: UsernamePasswordAuthenticationToken [Principal=country.app.security.services.UserDetailsImpl@484fa3db, Credentials=[PROTECTED], Authenticated=true, Details=WebAuthenticationDetails [RemoteIpAddress=0:0:0:0:0:0:0:1, SessionId=null], Granted Authorities=[]]
2025-04-23 23:38:06 - Secured PUT /api/put/680723b0bb47220379e11c44/favorites
2025-04-23 23:38:10 - Securing PUT /api/put/680723b0bb47220379e11c44/favorites
2025-04-23 23:38:10 - Authorization Header: Bearer eyJhbGciOiJIUzUxMiJ9.eyJzdWIiOiJEYW1pdGhhIiwiaWF0IjoxNzQ1NDMxNjU2LCJleHAiOjE3NDU1MTgwNTZ9.zn3z9R6_m0VVvb8SZPIXua9HFLAOqHuWmVbhKVqexOP1GYo-BipURhawjV0Js4aR02rcjGjyJwDTMQS-G5LKqg
2025-04-23 23:38:10 - Extracted JWT from request: eyJhbGciOiJIUzUxMiJ9.eyJzdWIiOiJEYW1pdGhhIiwiaWF0IjoxNzQ1NDMxNjU2LCJleHAiOjE3NDU1MTgwNTZ9.zn3z9R6_m0VVvb8SZPIXua9HFLAOqHuWmVbhKVqexOP1GYo-BipURhawjV0Js4aR02rcjGjyJwDTMQS-G5LKqg
2025-04-23 23:38:10 - Validating JWT token: eyJhbGciOiJIUzUxMiJ9.eyJzdWIiOiJEYW1pdGhhIiwiaWF0IjoxNzQ1NDMxNjU2LCJleHAiOjE3NDU1MTgwNTZ9.zn3z9R6_m0VVvb8SZPIXua9HFLAOqHuWmVbhKVqexOP1GYo-BipURhawjV0Js4aR02rcjGjyJwDTMQS-G5LKqg
2025-04-23 23:38:10 - JWT Token is valid
2025-04-23 23:38:10 - Extracted username from JWT: Damitha
2025-04-23 23:38:10 - User authenticated successfully: Damitha
2025-04-23 23:38:10 - SecurityContext authentication: UsernamePasswordAuthenticationToken [Principal=country.app.security.services.UserDetailsImpl@78a52794, Credentials=[PROTECTED], Authenticated=true, Details=WebAuthenticationDetails [RemoteIpAddress=0:0:0:0:0:0:0:1, SessionId=null], Granted Authorities=[]]
2025-04-23 23:38:10 - Secured PUT /api/put/680723b0bb47220379e11c44/favorites
2025-04-23 23:39:00 - Securing OPTIONS /api/get/680723b0bb47220379e11c44/favorites
2025-04-23 23:39:00 - Securing OPTIONS /api/get/680723b0bb47220379e11c44/favorites
2025-04-23 23:39:00 - Securing GET /api/get/680723b0bb47220379e11c44/favorites
2025-04-23 23:39:00 - Authorization Header: Bearer eyJhbGciOiJIUzUxMiJ9.eyJzdWIiOiJEYW1pdGhhIiwiaWF0IjoxNzQ1NDMxNjU2LCJleHAiOjE3NDU1MTgwNTZ9.zn3z9R6_m0VVvb8SZPIXua9HFLAOqHuWmVbhKVqexOP1GYo-BipURhawjV0Js4aR02rcjGjyJwDTMQS-G5LKqg
2025-04-23 23:39:00 - Extracted JWT from request: eyJhbGciOiJIUzUxMiJ9.eyJzdWIiOiJEYW1pdGhhIiwiaWF0IjoxNzQ1NDMxNjU2LCJleHAiOjE3NDU1MTgwNTZ9.zn3z9R6_m0VVvb8SZPIXua9HFLAOqHuWmVbhKVqexOP1GYo-BipURhawjV0Js4aR02rcjGjyJwDTMQS-G5LKqg
2025-04-23 23:39:00 - Validating JWT token: eyJhbGciOiJIUzUxMiJ9.eyJzdWIiOiJEYW1pdGhhIiwiaWF0IjoxNzQ1NDMxNjU2LCJleHAiOjE3NDU1MTgwNTZ9.zn3z9R6_m0VVvb8SZPIXua9HFLAOqHuWmVbhKVqexOP1GYo-BipURhawjV0Js4aR02rcjGjyJwDTMQS-G5LKqg
2025-04-23 23:39:00 - JWT Token is valid
2025-04-23 23:39:00 - Extracted username from JWT: Damitha
2025-04-23 23:39:00 - User authenticated successfully: Damitha
2025-04-23 23:39:00 - SecurityContext authentication: UsernamePasswordAuthenticationToken [Principal=country.app.security.services.UserDetailsImpl@6fb95364, Credentials=[PROTECTED], Authenticated=true, Details=WebAuthenticationDetails [RemoteIpAddress=0:0:0:0:0:0:0:1, SessionId=null], Granted Authorities=[]]
2025-04-23 23:39:00 - Secured GET /api/get/680723b0bb47220379e11c44/favorites
2025-04-23 23:39:00 - Securing GET /api/get/680723b0bb47220379e11c44/favorites
2025-04-23 23:39:00 - Authorization Header: Bearer eyJhbGciOiJIUzUxMiJ9.eyJzdWIiOiJEYW1pdGhhIiwiaWF0IjoxNzQ1NDMxNjU2LCJleHAiOjE3NDU1MTgwNTZ9.zn3z9R6_m0VVvb8SZPIXua9HFLAOqHuWmVbhKVqexOP1GYo-BipURhawjV0Js4aR02rcjGjyJwDTMQS-G5LKqg
2025-04-23 23:39:00 - Extracted JWT from request: eyJhbGciOiJIUzUxMiJ9.eyJzdWIiOiJEYW1pdGhhIiwiaWF0IjoxNzQ1NDMxNjU2LCJleHAiOjE3NDU1MTgwNTZ9.zn3z9R6_m0VVvb8SZPIXua9HFLAOqHuWmVbhKVqexOP1GYo-BipURhawjV0Js4aR02rcjGjyJwDTMQS-G5LKqg
2025-04-23 23:39:00 - Validating JWT token: eyJhbGciOiJIUzUxMiJ9.eyJzdWIiOiJEYW1pdGhhIiwiaWF0IjoxNzQ1NDMxNjU2LCJleHAiOjE3NDU1MTgwNTZ9.zn3z9R6_m0VVvb8SZPIXua9HFLAOqHuWmVbhKVqexOP1GYo-BipURhawjV0Js4aR02rcjGjyJwDTMQS-G5LKqg
2025-04-23 23:39:00 - JWT Token is valid
2025-04-23 23:39:00 - Extracted username from JWT: Damitha
2025-04-23 23:39:00 - User authenticated successfully: Damitha
2025-04-23 23:39:00 - SecurityContext authentication: UsernamePasswordAuthenticationToken [Principal=country.app.security.services.UserDetailsImpl@6b4d815d, Credentials=[PROTECTED], Authenticated=true, Details=WebAuthenticationDetails [RemoteIpAddress=0:0:0:0:0:0:0:1, SessionId=null], Granted Authorities=[]]
2025-04-23 23:39:00 - Secured GET /api/get/680723b0bb47220379e11c44/favorites
2025-04-23 23:39:02 - Securing OPTIONS /api/post/680723b0bb47220379e11c44/favorites
2025-04-23 23:39:02 - Securing POST /api/post/680723b0bb47220379e11c44/favorites
2025-04-23 23:39:02 - Authorization Header: Bearer eyJhbGciOiJIUzUxMiJ9.eyJzdWIiOiJEYW1pdGhhIiwiaWF0IjoxNzQ1NDMxNjU2LCJleHAiOjE3NDU1MTgwNTZ9.zn3z9R6_m0VVvb8SZPIXua9HFLAOqHuWmVbhKVqexOP1GYo-BipURhawjV0Js4aR02rcjGjyJwDTMQS-G5LKqg
2025-04-23 23:39:02 - Extracted JWT from request: eyJhbGciOiJIUzUxMiJ9.eyJzdWIiOiJEYW1pdGhhIiwiaWF0IjoxNzQ1NDMxNjU2LCJleHAiOjE3NDU1MTgwNTZ9.zn3z9R6_m0VVvb8SZPIXua9HFLAOqHuWmVbhKVqexOP1GYo-BipURhawjV0Js4aR02rcjGjyJwDTMQS-G5LKqg
2025-04-23 23:39:02 - Validating JWT token: eyJhbGciOiJIUzUxMiJ9.eyJzdWIiOiJEYW1pdGhhIiwiaWF0IjoxNzQ1NDMxNjU2LCJleHAiOjE3NDU1MTgwNTZ9.zn3z9R6_m0VVvb8SZPIXua9HFLAOqHuWmVbhKVqexOP1GYo-BipURhawjV0Js4aR02rcjGjyJwDTMQS-G5LKqg
2025-04-23 23:39:02 - JWT Token is valid
2025-04-23 23:39:02 - Extracted username from JWT: Damitha
2025-04-23 23:39:02 - User authenticated successfully: Damitha
2025-04-23 23:39:02 - SecurityContext authentication: UsernamePasswordAuthenticationToken [Principal=country.app.security.services.UserDetailsImpl@4b26cbdd, Credentials=[PROTECTED], Authenticated=true, Details=WebAuthenticationDetails [RemoteIpAddress=0:0:0:0:0:0:0:1, SessionId=null], Granted Authorities=[]]
2025-04-23 23:39:02 - Secured POST /api/post/680723b0bb47220379e11c44/favorites
2025-04-23 23:39:05 - Securing POST /api/post/680723b0bb47220379e11c44/favorites
2025-04-23 23:39:05 - Authorization Header: Bearer eyJhbGciOiJIUzUxMiJ9.eyJzdWIiOiJEYW1pdGhhIiwiaWF0IjoxNzQ1NDMxNjU2LCJleHAiOjE3NDU1MTgwNTZ9.zn3z9R6_m0VVvb8SZPIXua9HFLAOqHuWmVbhKVqexOP1GYo-BipURhawjV0Js4aR02rcjGjyJwDTMQS-G5LKqg
2025-04-23 23:39:05 - Extracted JWT from request: eyJhbGciOiJIUzUxMiJ9.eyJzdWIiOiJEYW1pdGhhIiwiaWF0IjoxNzQ1NDMxNjU2LCJleHAiOjE3NDU1MTgwNTZ9.zn3z9R6_m0VVvb8SZPIXua9HFLAOqHuWmVbhKVqexOP1GYo-BipURhawjV0Js4aR02rcjGjyJwDTMQS-G5LKqg
2025-04-23 23:39:05 - Validating JWT token: eyJhbGciOiJIUzUxMiJ9.eyJzdWIiOiJEYW1pdGhhIiwiaWF0IjoxNzQ1NDMxNjU2LCJleHAiOjE3NDU1MTgwNTZ9.zn3z9R6_m0VVvb8SZPIXua9HFLAOqHuWmVbhKVqexOP1GYo-BipURhawjV0Js4aR02rcjGjyJwDTMQS-G5LKqg
2025-04-23 23:39:05 - JWT Token is valid
2025-04-23 23:39:05 - Extracted username from JWT: Damitha
2025-04-23 23:39:05 - User authenticated successfully: Damitha
2025-04-23 23:39:05 - SecurityContext authentication: UsernamePasswordAuthenticationToken [Principal=country.app.security.services.UserDetailsImpl@3a0fd80f, Credentials=[PROTECTED], Authenticated=true, Details=WebAuthenticationDetails [RemoteIpAddress=0:0:0:0:0:0:0:1, SessionId=null], Granted Authorities=[]]
2025-04-23 23:39:05 - Secured POST /api/post/680723b0bb47220379e11c44/favorites
2025-04-23 23:39:06 - Securing POST /api/post/680723b0bb47220379e11c44/favorites
2025-04-23 23:39:06 - Authorization Header: Bearer eyJhbGciOiJIUzUxMiJ9.eyJzdWIiOiJEYW1pdGhhIiwiaWF0IjoxNzQ1NDMxNjU2LCJleHAiOjE3NDU1MTgwNTZ9.zn3z9R6_m0VVvb8SZPIXua9HFLAOqHuWmVbhKVqexOP1GYo-BipURhawjV0Js4aR02rcjGjyJwDTMQS-G5LKqg
2025-04-23 23:39:06 - Extracted JWT from request: eyJhbGciOiJIUzUxMiJ9.eyJzdWIiOiJEYW1pdGhhIiwiaWF0IjoxNzQ1NDMxNjU2LCJleHAiOjE3NDU1MTgwNTZ9.zn3z9R6_m0VVvb8SZPIXua9HFLAOqHuWmVbhKVqexOP1GYo-BipURhawjV0Js4aR02rcjGjyJwDTMQS-G5LKqg
2025-04-23 23:39:06 - Validating JWT token: eyJhbGciOiJIUzUxMiJ9.eyJzdWIiOiJEYW1pdGhhIiwiaWF0IjoxNzQ1NDMxNjU2LCJleHAiOjE3NDU1MTgwNTZ9.zn3z9R6_m0VVvb8SZPIXua9HFLAOqHuWmVbhKVqexOP1GYo-BipURhawjV0Js4aR02rcjGjyJwDTMQS-G5LKqg
2025-04-23 23:39:06 - JWT Token is valid
2025-04-23 23:39:06 - Extracted username from JWT: Damitha
2025-04-23 23:39:06 - User authenticated successfully: Damitha
2025-04-23 23:39:06 - SecurityContext authentication: UsernamePasswordAuthenticationToken [Principal=country.app.security.services.UserDetailsImpl@2d38863a, Credentials=[PROTECTED], Authenticated=true, Details=WebAuthenticationDetails [RemoteIpAddress=0:0:0:0:0:0:0:1, SessionId=null], Granted Authorities=[]]
2025-04-23 23:39:06 - Secured POST /api/post/680723b0bb47220379e11c44/favorites
2025-04-23 23:39:07 - Securing OPTIONS /api/post/680723b0bb47220379e11c44/favorites
2025-04-23 23:39:07 - Securing POST /api/post/680723b0bb47220379e11c44/favorites
2025-04-23 23:39:07 - Authorization Header: Bearer eyJhbGciOiJIUzUxMiJ9.eyJzdWIiOiJEYW1pdGhhIiwiaWF0IjoxNzQ1NDMxNjU2LCJleHAiOjE3NDU1MTgwNTZ9.zn3z9R6_m0VVvb8SZPIXua9HFLAOqHuWmVbhKVqexOP1GYo-BipURhawjV0Js4aR02rcjGjyJwDTMQS-G5LKqg
2025-04-23 23:39:07 - Extracted JWT from request: eyJhbGciOiJIUzUxMiJ9.eyJzdWIiOiJEYW1pdGhhIiwiaWF0IjoxNzQ1NDMxNjU2LCJleHAiOjE3NDU1MTgwNTZ9.zn3z9R6_m0VVvb8SZPIXua9HFLAOqHuWmVbhKVqexOP1GYo-BipURhawjV0Js4aR02rcjGjyJwDTMQS-G5LKqg
2025-04-23 23:39:07 - Validating JWT token: eyJhbGciOiJIUzUxMiJ9.eyJzdWIiOiJEYW1pdGhhIiwiaWF0IjoxNzQ1NDMxNjU2LCJleHAiOjE3NDU1MTgwNTZ9.zn3z9R6_m0VVvb8SZPIXua9HFLAOqHuWmVbhKVqexOP1GYo-BipURhawjV0Js4aR02rcjGjyJwDTMQS-G5LKqg
2025-04-23 23:39:07 - JWT Token is valid
2025-04-23 23:39:07 - Extracted username from JWT: Damitha
2025-04-23 23:39:07 - User authenticated successfully: Damitha
2025-04-23 23:39:07 - SecurityContext authentication: UsernamePasswordAuthenticationToken [Principal=country.app.security.services.UserDetailsImpl@64c00e04, Credentials=[PROTECTED], Authenticated=true, Details=WebAuthenticationDetails [RemoteIpAddress=0:0:0:0:0:0:0:1, SessionId=null], Granted Authorities=[]]
2025-04-23 23:39:07 - Secured POST /api/post/680723b0bb47220379e11c44/favorites
2025-04-23 23:39:09 - Securing POST /api/post/680723b0bb47220379e11c44/favorites
2025-04-23 23:39:09 - Authorization Header: Bearer eyJhbGciOiJIUzUxMiJ9.eyJzdWIiOiJEYW1pdGhhIiwiaWF0IjoxNzQ1NDMxNjU2LCJleHAiOjE3NDU1MTgwNTZ9.zn3z9R6_m0VVvb8SZPIXua9HFLAOqHuWmVbhKVqexOP1GYo-BipURhawjV0Js4aR02rcjGjyJwDTMQS-G5LKqg
2025-04-23 23:39:09 - Extracted JWT from request: eyJhbGciOiJIUzUxMiJ9.eyJzdWIiOiJEYW1pdGhhIiwiaWF0IjoxNzQ1NDMxNjU2LCJleHAiOjE3NDU1MTgwNTZ9.zn3z9R6_m0VVvb8SZPIXua9HFLAOqHuWmVbhKVqexOP1GYo-BipURhawjV0Js4aR02rcjGjyJwDTMQS-G5LKqg
2025-04-23 23:39:09 - Validating JWT token: eyJhbGciOiJIUzUxMiJ9.eyJzdWIiOiJEYW1pdGhhIiwiaWF0IjoxNzQ1NDMxNjU2LCJleHAiOjE3NDU1MTgwNTZ9.zn3z9R6_m0VVvb8SZPIXua9HFLAOqHuWmVbhKVqexOP1GYo-BipURhawjV0Js4aR02rcjGjyJwDTMQS-G5LKqg
2025-04-23 23:39:09 - JWT Token is valid
2025-04-23 23:39:09 - Extracted username from JWT: Damitha
2025-04-23 23:39:09 - User authenticated successfully: Damitha
2025-04-23 23:39:09 - SecurityContext authentication: UsernamePasswordAuthenticationToken [Principal=country.app.security.services.UserDetailsImpl@3aa0c35c, Credentials=[PROTECTED], Authenticated=true, Details=WebAuthenticationDetails [RemoteIpAddress=0:0:0:0:0:0:0:1, SessionId=null], Granted Authorities=[]]
2025-04-23 23:39:09 - Secured POST /api/post/680723b0bb47220379e11c44/favorites
2025-04-23 23:39:11 - Securing OPTIONS /api/get/680723b0bb47220379e11c44/favorites
2025-04-23 23:39:11 - Securing OPTIONS /api/get/680723b0bb47220379e11c44/favorites
2025-04-23 23:39:11 - Securing GET /api/get/680723b0bb47220379e11c44/favorites
2025-04-23 23:39:11 - Authorization Header: Bearer eyJhbGciOiJIUzUxMiJ9.eyJzdWIiOiJEYW1pdGhhIiwiaWF0IjoxNzQ1NDMxNjU2LCJleHAiOjE3NDU1MTgwNTZ9.zn3z9R6_m0VVvb8SZPIXua9HFLAOqHuWmVbhKVqexOP1GYo-BipURhawjV0Js4aR02rcjGjyJwDTMQS-G5LKqg
2025-04-23 23:39:11 - Extracted JWT from request: eyJhbGciOiJIUzUxMiJ9.eyJzdWIiOiJEYW1pdGhhIiwiaWF0IjoxNzQ1NDMxNjU2LCJleHAiOjE3NDU1MTgwNTZ9.zn3z9R6_m0VVvb8SZPIXua9HFLAOqHuWmVbhKVqexOP1GYo-BipURhawjV0Js4aR02rcjGjyJwDTMQS-G5LKqg
2025-04-23 23:39:11 - Validating JWT token: eyJhbGciOiJIUzUxMiJ9.eyJzdWIiOiJEYW1pdGhhIiwiaWF0IjoxNzQ1NDMxNjU2LCJleHAiOjE3NDU1MTgwNTZ9.zn3z9R6_m0VVvb8SZPIXua9HFLAOqHuWmVbhKVqexOP1GYo-BipURhawjV0Js4aR02rcjGjyJwDTMQS-G5LKqg
2025-04-23 23:39:11 - JWT Token is valid
2025-04-23 23:39:11 - Extracted username from JWT: Damitha
2025-04-23 23:39:11 - User authenticated successfully: Damitha
2025-04-23 23:39:11 - SecurityContext authentication: UsernamePasswordAuthenticationToken [Principal=country.app.security.services.UserDetailsImpl@2846daf0, Credentials=[PROTECTED], Authenticated=true, Details=WebAuthenticationDetails [RemoteIpAddress=0:0:0:0:0:0:0:1, SessionId=null], Granted Authorities=[]]
2025-04-23 23:39:11 - Secured GET /api/get/680723b0bb47220379e11c44/favorites
2025-04-23 23:39:11 - Securing GET /api/get/680723b0bb47220379e11c44/favorites
2025-04-23 23:39:11 - Authorization Header: Bearer eyJhbGciOiJIUzUxMiJ9.eyJzdWIiOiJEYW1pdGhhIiwiaWF0IjoxNzQ1NDMxNjU2LCJleHAiOjE3NDU1MTgwNTZ9.zn3z9R6_m0VVvb8SZPIXua9HFLAOqHuWmVbhKVqexOP1GYo-BipURhawjV0Js4aR02rcjGjyJwDTMQS-G5LKqg
2025-04-23 23:39:11 - Extracted JWT from request: eyJhbGciOiJIUzUxMiJ9.eyJzdWIiOiJEYW1pdGhhIiwiaWF0IjoxNzQ1NDMxNjU2LCJleHAiOjE3NDU1MTgwNTZ9.zn3z9R6_m0VVvb8SZPIXua9HFLAOqHuWmVbhKVqexOP1GYo-BipURhawjV0Js4aR02rcjGjyJwDTMQS-G5LKqg
2025-04-23 23:39:11 - Validating JWT token: eyJhbGciOiJIUzUxMiJ9.eyJzdWIiOiJEYW1pdGhhIiwiaWF0IjoxNzQ1NDMxNjU2LCJleHAiOjE3NDU1MTgwNTZ9.zn3z9R6_m0VVvb8SZPIXua9HFLAOqHuWmVbhKVqexOP1GYo-BipURhawjV0Js4aR02rcjGjyJwDTMQS-G5LKqg
2025-04-23 23:39:11 - JWT Token is valid
2025-04-23 23:39:11 - Extracted username from JWT: Damitha
2025-04-23 23:39:11 - User authenticated successfully: Damitha
2025-04-23 23:39:11 - SecurityContext authentication: UsernamePasswordAuthenticationToken [Principal=country.app.security.services.UserDetailsImpl@6476b9bc, Credentials=[PROTECTED], Authenticated=true, Details=WebAuthenticationDetails [RemoteIpAddress=0:0:0:0:0:0:0:1, SessionId=null], Granted Authorities=[]]
2025-04-23 23:39:11 - Secured GET /api/get/680723b0bb47220379e11c44/favorites
2025-04-24 08:49:07 - HV000001: Hibernate Validator 8.0.2.Final
2025-04-24 08:49:07 - Starting CountryApplication using Java 17.0.11 with PID 4180 (C:\Users\vihan\OneDrive\Desktop\Projects\Y3S2\AF\af-2-VihangaU\backend\target\classes started by Vihanga in C:\Users\vihan\OneDrive\Desktop\Projects\Y3S2\AF\af-2-VihangaU\backend)
2025-04-24 08:49:07 - No active profile set, falling back to 1 default profile: "default"
2025-04-24 08:49:07 - Devtools property defaults active! Set 'spring.devtools.add-properties' to 'false' to disable
2025-04-24 08:49:07 - For additional web related logging consider setting the 'logging.level.web' property to 'DEBUG'
2025-04-24 08:49:09 - Bootstrapping Spring Data MongoDB repositories in DEFAULT mode.
2025-04-24 08:49:09 - Finished Spring Data repository scanning in 106 ms. Found 1 MongoDB repository interface.
2025-04-24 08:49:10 - Tomcat initialized with port 8091 (http)
2025-04-24 08:49:10 - Initializing ProtocolHandler ["http-nio-8091"]
2025-04-24 08:49:10 - Starting service [Tomcat]
2025-04-24 08:49:10 - Starting Servlet engine: [Apache Tomcat/10.1.36]
2025-04-24 08:49:10 - Initializing Spring embedded WebApplicationContext
2025-04-24 08:49:10 - Root WebApplicationContext: initialization completed in 2786 ms
2025-04-24 08:49:11 - MongoClient with metadata {"driver": {"name": "mongo-java-driver|sync|spring-boot", "version": "5.2.1"}, "os": {"type": "Windows", "name": "Windows 11", "architecture": "amd64", "version": "10.0"}, "platform": "Java/Oracle Corporation/17.0.11+7-LTS-207"} created with settings MongoClientSettings{readPreference=primary, writeConcern=WriteConcern{w=null, wTimeout=null ms, journal=null}, retryWrites=true, retryReads=true, readConcern=ReadConcern{level=null}, credential=null, transportSettings=null, commandListeners=[], codecRegistry=ProvidersCodecRegistry{codecProviders=[ValueCodecProvider{}, BsonValueCodecProvider{}, DBRefCodecProvider{}, DBObjectCodecProvider{}, DocumentCodecProvider{}, CollectionCodecProvider{}, IterableCodecProvider{}, MapCodecProvider{}, GeoJsonCodecProvider{}, GridFSFileCodecProvider{}, Jsr310CodecProvider{}, JsonObjectCodecProvider{}, BsonCodecProvider{}, EnumCodecProvider{}, com.mongodb.client.model.mql.ExpressionCodecProvider@314f4c05, com.mongodb.Jep395RecordCodecProvider@6b4681b8, com.mongodb.KotlinCodecProvider@1e9c4a4e]}, loggerSettings=LoggerSettings{maxDocumentLength=1000}, clusterSettings={hosts=[localhost:27017], srvServiceName=mongodb, mode=SINGLE, requiredClusterType=UNKNOWN, requiredReplicaSetName='null', serverSelector='null', clusterListeners='[]', serverSelectionTimeout='30000 ms', localThreshold='15 ms'}, socketSettings=SocketSettings{connectTimeoutMS=10000, readTimeoutMS=0, receiveBufferSize=0, proxySettings=ProxySettings{host=null, port=null, username=null, password=null}}, heartbeatSocketSettings=SocketSettings{connectTimeoutMS=10000, readTimeoutMS=10000, receiveBufferSize=0, proxySettings=ProxySettings{host=null, port=null, username=null, password=null}}, connectionPoolSettings=ConnectionPoolSettings{maxSize=100, minSize=0, maxWaitTimeMS=120000, maxConnectionLifeTimeMS=0, maxConnectionIdleTimeMS=0, maintenanceInitialDelayMS=0, maintenanceFrequencyMS=60000, connectionPoolListeners=[], maxConnecting=2}, serverSettings=ServerSettings{heartbeatFrequencyMS=10000, minHeartbeatFrequencyMS=500, serverMonitoringMode=AUTO, serverListeners='[]', serverMonitorListeners='[]'}, sslSettings=SslSettings{enabled=false, invalidHostNameAllowed=false, context=null}, applicationName='null', compressorList=[], uuidRepresentation=JAVA_LEGACY, serverApi=null, autoEncryptionSettings=null, dnsClient=null, inetAddressResolver=null, contextProvider=null, timeoutMS=null}
2025-04-24 08:49:11 - Monitor thread successfully connected to server with description ServerDescription{address=localhost:27017, type=STANDALONE, cryptd=false, state=CONNECTED, ok=true, minWireVersion=0, maxWireVersion=25, maxDocumentSize=16777216, logicalSessionTimeoutMinutes=30, roundTripTimeNanos=63826800, minRoundTripTimeNanos=0}
2025-04-24 08:49:12 - LiveReload server is running on port 35729
2025-04-24 08:49:12 - Global AuthenticationManager configured with AuthenticationProvider bean with name authenticationProvider
2025-04-24 08:49:12 - Global AuthenticationManager configured with an AuthenticationProvider bean. UserDetailsService beans will not be used by Spring Security for automatically configuring username/password login. Consider removing the AuthenticationProvider bean. Alternatively, consider using the UserDetailsService in a manually instantiated DaoAuthenticationProvider. If the current configuration is intentional, to turn off this warning, increase the logging level of 'org.springframework.security.config.annotation.authentication.configuration.InitializeUserDetailsBeanManagerConfigurer' to ERROR
2025-04-24 08:49:13 - Will secure any request with filters: DisableEncodeUrlFilter, WebAsyncManagerIntegrationFilter, SecurityContextHolderFilter, HeaderWriterFilter, CorsFilter, LogoutFilter, AuthTokenFilter, RequestCacheAwareFilter, SecurityContextHolderAwareRequestFilter, AnonymousAuthenticationFilter, SessionManagementFilter, ExceptionTranslationFilter, AuthorizationFilter
2025-04-24 08:49:13 - Starting ProtocolHandler ["http-nio-8091"]
2025-04-24 08:49:13 - Tomcat started on port 8091 (http) with context path '/'
2025-04-24 08:49:14 - Started CountryApplication in 7.127 seconds (process running for 8.146)
2025-04-24 10:35:49 - Commencing graceful shutdown. Waiting for active requests to complete
2025-04-24 10:35:49 - Graceful shutdown complete
2025-05-02 16:07:30 - HV000001: Hibernate Validator 8.0.2.Final
2025-05-02 16:07:30 - Starting CountryApplication using Java 17.0.11 with PID 29288 (C:\Users\vihan\OneDrive\Desktop\Projects\Y3S2\AF\af-2-VihangaU\backend\target\classes started by Vihanga in C:\Users\vihan\OneDrive\Desktop\Projects\Y3S2\AF\af-2-VihangaU\backend)
2025-05-02 16:07:30 - No active profile set, falling back to 1 default profile: "default"
2025-05-02 16:07:30 - Devtools property defaults active! Set 'spring.devtools.add-properties' to 'false' to disable
2025-05-02 16:07:30 - For additional web related logging consider setting the 'logging.level.web' property to 'DEBUG'
2025-05-02 16:07:33 - Bootstrapping Spring Data MongoDB repositories in DEFAULT mode.
2025-05-02 16:07:33 - Finished Spring Data repository scanning in 170 ms. Found 1 MongoDB repository interface.
2025-05-02 16:07:35 - Tomcat initialized with port 8091 (http)
2025-05-02 16:07:35 - Initializing ProtocolHandler ["http-nio-8091"]
2025-05-02 16:07:35 - Starting service [Tomcat]
2025-05-02 16:07:35 - Starting Servlet engine: [Apache Tomcat/10.1.36]
2025-05-02 16:07:35 - Initializing Spring embedded WebApplicationContext
2025-05-02 16:07:35 - Root WebApplicationContext: initialization completed in 4479 ms
2025-05-02 16:07:36 - MongoClient with metadata {"driver": {"name": "mongo-java-driver|sync|spring-boot", "version": "5.2.1"}, "os": {"type": "Windows", "name": "Windows 11", "architecture": "amd64", "version": "10.0"}, "platform": "Java/Oracle Corporation/17.0.11+7-LTS-207"} created with settings MongoClientSettings{readPreference=primary, writeConcern=WriteConcern{w=null, wTimeout=null ms, journal=null}, retryWrites=true, retryReads=true, readConcern=ReadConcern{level=null}, credential=null, transportSettings=null, commandListeners=[], codecRegistry=ProvidersCodecRegistry{codecProviders=[ValueCodecProvider{}, BsonValueCodecProvider{}, DBRefCodecProvider{}, DBObjectCodecProvider{}, DocumentCodecProvider{}, CollectionCodecProvider{}, IterableCodecProvider{}, MapCodecProvider{}, GeoJsonCodecProvider{}, GridFSFileCodecProvider{}, Jsr310CodecProvider{}, JsonObjectCodecProvider{}, BsonCodecProvider{}, EnumCodecProvider{}, com.mongodb.client.model.mql.ExpressionCodecProvider@1a487052, com.mongodb.Jep395RecordCodecProvider@564bac1d, com.mongodb.KotlinCodecProvider@695dd7f4]}, loggerSettings=LoggerSettings{maxDocumentLength=1000}, clusterSettings={hosts=[localhost:27017], srvServiceName=mongodb, mode=SINGLE, requiredClusterType=UNKNOWN, requiredReplicaSetName='null', serverSelector='null', clusterListeners='[]', serverSelectionTimeout='30000 ms', localThreshold='15 ms'}, socketSettings=SocketSettings{connectTimeoutMS=10000, readTimeoutMS=0, receiveBufferSize=0, proxySettings=ProxySettings{host=null, port=null, username=null, password=null}}, heartbeatSocketSettings=SocketSettings{connectTimeoutMS=10000, readTimeoutMS=10000, receiveBufferSize=0, proxySettings=ProxySettings{host=null, port=null, username=null, password=null}}, connectionPoolSettings=ConnectionPoolSettings{maxSize=100, minSize=0, maxWaitTimeMS=120000, maxConnectionLifeTimeMS=0, maxConnectionIdleTimeMS=0, maintenanceInitialDelayMS=0, maintenanceFrequencyMS=60000, connectionPoolListeners=[], maxConnecting=2}, serverSettings=ServerSettings{heartbeatFrequencyMS=10000, minHeartbeatFrequencyMS=500, serverMonitoringMode=AUTO, serverListeners='[]', serverMonitorListeners='[]'}, sslSettings=SslSettings{enabled=false, invalidHostNameAllowed=false, context=null}, applicationName='null', compressorList=[], uuidRepresentation=JAVA_LEGACY, serverApi=null, autoEncryptionSettings=null, dnsClient=null, inetAddressResolver=null, contextProvider=null, timeoutMS=null}
2025-05-02 16:07:36 - Monitor thread successfully connected to server with description ServerDescription{address=localhost:27017, type=STANDALONE, cryptd=false, state=CONNECTED, ok=true, minWireVersion=0, maxWireVersion=25, maxDocumentSize=16777216, logicalSessionTimeoutMinutes=30, roundTripTimeNanos=88536000, minRoundTripTimeNanos=0}
2025-05-02 16:07:37 - LiveReload server is running on port 35729
2025-05-02 16:07:37 - Global AuthenticationManager configured with AuthenticationProvider bean with name authenticationProvider
2025-05-02 16:07:37 - Global AuthenticationManager configured with an AuthenticationProvider bean. UserDetailsService beans will not be used by Spring Security for automatically configuring username/password login. Consider removing the AuthenticationProvider bean. Alternatively, consider using the UserDetailsService in a manually instantiated DaoAuthenticationProvider. If the current configuration is intentional, to turn off this warning, increase the logging level of 'org.springframework.security.config.annotation.authentication.configuration.InitializeUserDetailsBeanManagerConfigurer' to ERROR
2025-05-02 16:07:39 - Will secure any request with filters: DisableEncodeUrlFilter, WebAsyncManagerIntegrationFilter, SecurityContextHolderFilter, HeaderWriterFilter, CorsFilter, LogoutFilter, AuthTokenFilter, RequestCacheAwareFilter, SecurityContextHolderAwareRequestFilter, AnonymousAuthenticationFilter, SessionManagementFilter, ExceptionTranslationFilter, AuthorizationFilter
2025-05-02 16:07:39 - Starting ProtocolHandler ["http-nio-8091"]
2025-05-02 16:07:40 - Tomcat started on port 8091 (http) with context path '/'
2025-05-02 16:07:40 - Started CountryApplication in 10.634 seconds (process running for 12.09)
2025-05-02 17:03:46 - Commencing graceful shutdown. Waiting for active requests to complete
2025-05-02 17:03:47 - Graceful shutdown complete
